[0mCompiling "target/cljsbuild/public/js/app.js" from ["src/cljs" "src/cljc" "env/dev/cljs"]...[0m
[32mSuccessfully compiled "target/cljsbuild/public/js/app.js" in 1.116 seconds.[0m
notifying browser that file changed:  target/cljsbuild/public/js/out/goog/deps.js
notifying browser that file changed:  target/cljsbuild/public/js/out/cljs_deps.js
notifying browser that file changed:  target/cljsbuild/public/js/out/voidwalker/core.js
[0mCompiling "target/cljsbuild/public/js/app.js" from ["src/cljs" "src/cljc" "env/dev/cljs"]...[0m
[32mSuccessfully compiled "target/cljsbuild/public/js/app.js" in 0.822 seconds.[0m
notifying browser that file changed:  target/cljsbuild/public/js/out/voidwalker/core.js
[0mCompiling "target/cljsbuild/public/js/app.js" from ["src/cljs" "src/cljc" "env/dev/cljs"]...[0m
[32mSuccessfully compiled "target/cljsbuild/public/js/app.js" in 0.88 seconds.[0m
notifying browser that file changed:  target/cljsbuild/public/js/out/voidwalker/core.js
[0mCompiling "target/cljsbuild/public/js/app.js" from ["src/cljs" "src/cljc" "env/dev/cljs"]...[0m
[32mSuccessfully compiled "target/cljsbuild/public/js/app.js" in 0.848 seconds.[0m
notifying browser that file changed:  target/cljsbuild/public/js/out/voidwalker/core.js
[0mCompiling "target/cljsbuild/public/js/app.js" from ["src/cljs" "src/cljc" "env/dev/cljs"]...[0m
[32mSuccessfully compiled "target/cljsbuild/public/js/app.js" in 1.7 seconds.[0m
notifying browser that file changed:  target/cljsbuild/public/js/out/goog/deps.js
notifying browser that file changed:  target/cljsbuild/public/js/out/cljs_deps.js
notifying browser that file changed:  target/cljsbuild/public/js/out/voidwalker/core.js
[0mCompiling "target/cljsbuild/public/js/app.js" from ["src/cljs" "src/cljc" "env/dev/cljs"]...[0m
[36m----  Compiler Warning on   src/cljs/voidwalker/core.cljs   line:67  column:2  ----[0m

  [1mUse of undeclared Var accountant.core/configure-navigation![0m

  [36m64[0m  [36m(secretary/defroute "/about" [][0m
  [36m65[0m  [36m  (rf/dispatch [:set-active-page :about]))[0m
  [36m66[0m  [36m[0m
  [33m67[0m  [1m(accountant/configure-navigation! {:nav-handler  (fn [path][0m
  [0m  [0m  [33m ^--- Use of undeclared Var accountant.core/configure-navigation![0m
  [36m68[0m  [36m                                                   (secretary/dispatch! path))[0m
  [36m69[0m  [36m                                   :path-exists? (fn [path][0m
  [36m70[0m  [36m                                                   (secretary/locate-route path))})[0m
  [36m71[0m  [36m;; -------------------------[0m
  [36m72[0m  [36m;; History[0m

[36m----  Compiler Warning : Please see src/cljs/voidwalker/core.cljs  ----[0m
[32mSuccessfully compiled "target/cljsbuild/public/js/app.js" in 1.095 seconds.[0m
notifying browser that file changed:  target/cljsbuild/public/js/out/voidwalker/core.js
[0mCompiling "target/cljsbuild/public/js/app.js" from ["src/cljs" "src/cljc" "env/dev/cljs"]...[0m
[36m----  Compiler Warning on   src/cljs/voidwalker/core.cljs   line:67  column:2  ----[0m

  [1mUse of undeclared Var accountant.core/configure-navigation![0m

  [36m64[0m  [36m(secretary/defroute "/about" [][0m
  [36m65[0m  [36m  (rf/dispatch [:set-active-page :about]))[0m
  [36m66[0m  [36m[0m
  [33m67[0m  [1m(accountant/configure-navigation! {:nav-handler  (fn [path][0m
  [0m  [0m  [33m ^--- Use of undeclared Var accountant.core/configure-navigation![0m
  [36m68[0m  [36m                                                   (secretary/dispatch! path))[0m
  [36m69[0m  [36m                                   :path-exists? (fn [path][0m
  [36m70[0m  [36m                                                   (secretary/locate-route path))})[0m
  [36m71[0m  [36m;; -------------------------[0m
  [36m72[0m  [36m;; History[0m

[36m----  Compiler Warning : Please see src/cljs/voidwalker/core.cljs  ----[0m
[32mSuccessfully compiled "target/cljsbuild/public/js/app.js" in 1.055 seconds.[0m
notifying browser that file changed:  target/cljsbuild/public/js/out/voidwalker/core.js
[0mCompiling "target/cljsbuild/public/js/app.js" from ["src/cljs" "src/cljc" "env/dev/cljs"]...[0m
[36m----  Compiler Warning on   src/cljs/voidwalker/core.cljs   line:67  column:2  ----[0m

  [1mUse of undeclared Var accountant.core/configure-navigation![0m

  [36m64[0m  [36m(secretary/defroute "/about" [][0m
  [36m65[0m  [36m  (rf/dispatch [:set-active-page :about]))[0m
  [36m66[0m  [36m[0m
  [33m67[0m  [1m(accountant/configure-navigation! {:nav-handler  (fn [path][0m
  [0m  [0m  [33m ^--- Use of undeclared Var accountant.core/configure-navigation![0m
  [36m68[0m  [36m                                                   (secretary/dispatch! path))[0m
  [36m69[0m  [36m                                   :path-exists? (fn [path][0m
  [36m70[0m  [36m                                                   (secretary/locate-route path))})[0m
  [36m71[0m  [36m;; -------------------------[0m
  [36m72[0m  [36m;; History[0m

[36m----  Compiler Warning : Please see src/cljs/voidwalker/core.cljs  ----[0m
[32mSuccessfully compiled "target/cljsbuild/public/js/app.js" in 1.077 seconds.[0m
notifying browser that file changed:  target/cljsbuild/public/js/out/voidwalker/core.js
[0mCompiling "target/cljsbuild/public/js/app.js" from ["src/cljs" "src/cljc" "env/dev/cljs"]...[0m
[36m----  Compiler Warning on   src/cljs/voidwalker/core.cljs   line:67  column:2  ----[0m

  [1mUse of undeclared Var accountant.core/configure-navigation![0m

  [36m64[0m  [36m(secretary/defroute "/about" [][0m
  [36m65[0m  [36m  (rf/dispatch [:set-active-page :about]))[0m
  [36m66[0m  [36m[0m
  [33m67[0m  [1m(accountant/configure-navigation! {:nav-handler  (fn [path][0m
  [0m  [0m  [33m ^--- Use of undeclared Var accountant.core/configure-navigation![0m
  [36m68[0m  [36m                                                   (secretary/dispatch! path))[0m
  [36m69[0m  [36m                                   :path-exists? (fn [path][0m
  [36m70[0m  [36m                                                   (secretary/locate-route path))})[0m
  [36m71[0m  [36m;; -------------------------[0m
  [36m72[0m  [36m;; History[0m

[36m----  Compiler Warning : Please see src/cljs/voidwalker/core.cljs  ----[0m
[32mSuccessfully compiled "target/cljsbuild/public/js/app.js" in 1.083 seconds.[0m
notifying browser that file changed:  target/cljsbuild/public/js/out/voidwalker/core.js
[0mCompiling "target/cljsbuild/public/js/app.js" from ["src/cljs" "src/cljc" "env/dev/cljs"]...[0m
[36m----  Compiler Warning on   src/cljs/voidwalker/core.cljs   line:67  column:2  ----[0m

  [1mUse of undeclared Var accountant.core/configure-navigation![0m

  [36m64[0m  [36m(secretary/defroute "/about" [][0m
  [36m65[0m  [36m  (rf/dispatch [:set-active-page :about]))[0m
  [36m66[0m  [36m[0m
  [33m67[0m  [1m(accountant/configure-navigation! {:nav-handler  (fn [path][0m
  [0m  [0m  [33m ^--- Use of undeclared Var accountant.core/configure-navigation![0m
  [36m68[0m  [36m                                                   (secretary/dispatch! path))[0m
  [36m69[0m  [36m                                   :path-exists? (fn [path][0m
  [36m70[0m  [36m                                                   (secretary/locate-route path))})[0m
  [36m71[0m  [36m;; -------------------------[0m
  [36m72[0m  [36m;; History[0m

[36m----  Compiler Warning : Please see src/cljs/voidwalker/core.cljs  ----[0m
[32mSuccessfully compiled "target/cljsbuild/public/js/app.js" in 0.869 seconds.[0m
notifying browser that file changed:  target/cljsbuild/public/js/out/voidwalker/core.js
[0mCompiling "target/cljsbuild/public/js/app.js" from ["src/cljs" "src/cljc" "env/dev/cljs"]...[0m
[36m----  Compiler Warning on   src/cljs/voidwalker/core.cljs   line:67  column:2  ----[0m

  [1mUse of undeclared Var accountant.core/configure-navigation![0m

  [36m64[0m  [36m(secretary/defroute "/about" [][0m
  [36m65[0m  [36m  (rf/dispatch [:set-active-page :about]))[0m
  [36m66[0m  [36m[0m
  [33m67[0m  [1m(accountant/configure-navigation! {:nav-handler  (fn [path][0m
  [0m  [0m  [33m ^--- Use of undeclared Var accountant.core/configure-navigation![0m
  [36m68[0m  [36m                                                   (secretary/dispatch! path))[0m
  [36m69[0m  [36m                                   :path-exists? (fn [path][0m
  [36m70[0m  [36m                                                   (secretary/locate-route path))})[0m
  [36m71[0m  [36m;; -------------------------[0m
  [36m72[0m  [36m;; History[0m

[36m----  Compiler Warning : Please see src/cljs/voidwalker/core.cljs  ----[0m
[32mSuccessfully compiled "target/cljsbuild/public/js/app.js" in 0.861 seconds.[0m
notifying browser that file changed:  target/cljsbuild/public/js/out/voidwalker/core.js
[0mCompiling "target/cljsbuild/public/js/app.js" from ["src/cljs" "src/cljc" "env/dev/cljs"]...[0m
[32mSuccessfully compiled "target/cljsbuild/public/js/app.js" in 1.112 seconds.[0m
notifying browser that file changed:  target/cljsbuild/public/js/out/goog/deps.js
notifying browser that file changed:  target/cljsbuild/public/js/out/cljs_deps.js
notifying browser that file changed:  target/cljsbuild/public/js/out/voidwalker/core.js
[0mCompiling "target/cljsbuild/public/js/app.js" from ["src/cljs" "src/cljc" "env/dev/cljs"]...[0m
[32mSuccessfully compiled "target/cljsbuild/public/js/app.js" in 0.957 seconds.[0m
notifying browser that file changed:  target/cljsbuild/public/js/out/voidwalker/core.js
